<?xml version="1.0" encoding="UTF-8"?>
<testsuite name="agh.ics.oop.AnimalTest" tests="2" skipped="0" failures="0" errors="0" timestamp="2021-12-23T14:42:37" hostname="DESKTOP-IVK9AV3" time="0.035">
  <properties/>
  <testcase name="reduceEnergy()" classname="agh.ics.oop.AnimalTest" time="0.033"/>
  <testcase name="reproduceTest()" classname="agh.ics.oop.AnimalTest" time="0.001"/>
  <system-out><![CDATA[]]></system-out>
  <system-err><![CDATA[]]></system-err>
</testsuite>
